{"timestamp":"2026-05-12T06:00:02.979692Z","level":"warning","event":"section/key [openlineage/namespace] not found in config","logger":"airflow.configuration","filename":"configuration.py","lineno":1111}
{"timestamp":"2026-05-12T06:00:03.861092Z","level":"info","event":"DAG bundles loaded: dags-folder","logger":"airflow.dag_processing.bundles.manager.DagBundlesManager","filename":"manager.py","lineno":179}
{"timestamp":"2026-05-12T06:00:03.868775Z","level":"info","event":"Filling up the DagBag from /opt/airflow/dags/dbt_novapay.py","logger":"airflow.models.dagbag.DagBag","filename":"dagbag.py","lineno":593}
{"timestamp":"2026-05-12T06:00:04.017995Z","level":"info","event":"::group::Cosmos DAG parsing logs","logger":"cosmos.converter","filename":"converter.py","lineno":286}
{"timestamp":"2026-05-12T06:00:04.030515Z","level":"info","event":"Trying to parse the dbt project using dbt ls cache cosmos_cache__dbt_novapay...","logger":"cosmos.dbt.graph","filename":"graph.py","lineno":781}
{"timestamp":"2026-05-12T06:00:13.661264Z","level":"info","event":"Cosmos performance: time to calculate cache identifier cosmos_cache__dbt_novapay for current version: 9.485760700001265","logger":"cosmos.cache","filename":"cache.py","lineno":329}
{"timestamp":"2026-05-12T06:00:13.664434Z","level":"info","event":"Cosmos performance [af0761ecc903|3837]: The cache size for cosmos_cache__dbt_novapay is 47345","logger":"cosmos.dbt.graph","filename":"graph.py","lineno":798}
{"timestamp":"2026-05-12T06:00:13.695550Z","level":"info","event":"Cosmos performance: Cache hit for cosmos_cache__dbt_novapay - ff95425c0bf3fb17f4ae606505cd9c23,d41d8cd98f00b204e9800998ecf8427e","logger":"cosmos.dbt.graph","filename":"graph.py","lineno":806}
{"timestamp":"2026-05-12T06:00:13.698239Z","level":"info","event":"Total nodes: 52","logger":"cosmos.dbt.graph","filename":"graph.py","lineno":711}
{"timestamp":"2026-05-12T06:00:13.698720Z","level":"info","event":"Total filtered nodes: 52","logger":"cosmos.dbt.graph","filename":"graph.py","lineno":712}
{"timestamp":"2026-05-12T06:00:20.237696Z","level":"info","event":"Cosmos performance (dbt_novapay) -  [af0761ecc903|3837]: It took 16.2s to parse the dbt project for DAG using LoadMode.DBT_LS_CACHE","logger":"cosmos.converter","filename":"converter.py","lineno":333}
{"timestamp":"2026-05-12T06:00:20.463211Z","level":"info","event":"Cosmos performance (dbt_novapay) - [af0761ecc903|3837]: It took 0.226s to build the Airflow DAG.","logger":"cosmos.converter","filename":"converter.py","lineno":380}
{"timestamp":"2026-05-12T06:00:20.463566Z","level":"info","event":"::endgroup::Cosmos DAG parsing logs","logger":"cosmos.converter","filename":"converter.py","lineno":383}
{"timestamp":"2026-05-12T06:02:14.596748Z","level":"info","event":"dbtRunner is available. Using dbtRunner for invoking dbt.","logger":"cosmos.operators.local","filename":"local.py","lineno":269}
{"timestamp":"2026-05-12T06:02:14.605511Z","level":"info","event":"Cloning project to writable temp directory /tmp/tmpn6p2u_b1 from /opt/airflow/NovaPay","logger":"cosmos.operators.local","filename":"local.py","lineno":494}
{"timestamp":"2026-05-12T06:02:14.768250Z","level":"info","event":"Partial parse is enabled and the latest partial parse file is /tmp/cosmos/dbt_novapay/target/partial_parse.msgpack","logger":"cosmos.operators.local","filename":"local.py","lineno":514}
{"timestamp":"2026-05-12T06:02:14.865562Z","level":"info","event":"Profile caching is enable.","logger":"cosmos.config","filename":"config.py","lineno":382}
{"timestamp":"2026-05-12T06:02:15.342124Z","level":"info","event":"Profile found in cache using profile: /tmp/cosmos/profile/4696fe2c61fca57660474d41def9c0eb11c30fa37b466caac7574e4807f9bd46/profiles.yml.","logger":"cosmos.config","filename":"config.py","lineno":362}
{"timestamp":"2026-05-12T06:02:15.394110Z","level":"info","event":"Trying to run dbtRunner with:\n ['deps', '--project-dir', '/tmp/tmpn6p2u_b1', '--profiles-dir', '/tmp/cosmos/profile/4696fe2c61fca57660474d41def9c0eb11c30fa37b466caac7574e4807f9bd46', '--profile', 'default', '--target', 'dev', '--no-static-parser']\n in /tmp/tmpn6p2u_b1","logger":"cosmos.dbt.runner","filename":"runner.py","lineno":98}
{"timestamp":"2026-05-12T06:02:15.970888Z","level":"info","event":"\u001b[0m06:02:15  Running with dbt=1.11.9","logger":"task.stdout"}
{"timestamp":"2026-05-12T06:02:18.271957Z","level":"info","event":"::group::Cosmos DAG parsing logs","logger":"cosmos.converter","filename":"converter.py","lineno":286}
{"timestamp":"2026-05-12T06:02:18.298914Z","level":"info","event":"Trying to parse the dbt project using dbt ls cache cosmos_cache__dbt_novapay...","logger":"cosmos.dbt.graph","filename":"graph.py","lineno":781}
{"timestamp":"2026-05-12T06:02:18.300073Z","level":"warning","event":"Using Variable.get from `airflow.models` is deprecated.Please use `get` on Variable from sdk(`airflow.sdk.Variable`) instead","category":"DeprecationWarning","filename":"/home/airflow/.local/lib/python3.12/site-packages/airflow/models/variable.py","lineno":151,"logger":"py.warnings"}
{"timestamp":"2026-05-12T06:02:28.499272Z","level":"info","event":"Cosmos performance: time to calculate cache identifier cosmos_cache__dbt_novapay for current version: 9.89546008400066","logger":"cosmos.cache","filename":"cache.py","lineno":329}
{"timestamp":"2026-05-12T06:02:28.499930Z","level":"info","event":"Cosmos performance [af0761ecc903|3837]: The cache size for cosmos_cache__dbt_novapay is 47345","logger":"cosmos.dbt.graph","filename":"graph.py","lineno":798}
{"timestamp":"2026-05-12T06:02:28.506863Z","level":"info","event":"Cosmos performance: Cache hit for cosmos_cache__dbt_novapay - ff95425c0bf3fb17f4ae606505cd9c23,d41d8cd98f00b204e9800998ecf8427e","logger":"cosmos.dbt.graph","filename":"graph.py","lineno":806}
{"timestamp":"2026-05-12T06:02:28.512720Z","level":"info","event":"Total nodes: 52","logger":"cosmos.dbt.graph","filename":"graph.py","lineno":711}
{"timestamp":"2026-05-12T06:02:28.513608Z","level":"info","event":"Total filtered nodes: 52","logger":"cosmos.dbt.graph","filename":"graph.py","lineno":712}
{"timestamp":"2026-05-12T06:02:38.638331Z","level":"info","event":"Cosmos performance (dbt_novapay) -  [af0761ecc903|3837]: It took 20.3s to parse the dbt project for DAG using LoadMode.DBT_LS_CACHE","logger":"cosmos.converter","filename":"converter.py","lineno":333}
{"timestamp":"2026-05-12T06:02:38.921194Z","level":"info","event":"Cosmos performance (dbt_novapay) - [af0761ecc903|3837]: It took 0.283s to build the Airflow DAG.","logger":"cosmos.converter","filename":"converter.py","lineno":380}
{"timestamp":"2026-05-12T06:02:38.922121Z","level":"info","event":"::endgroup::Cosmos DAG parsing logs","logger":"cosmos.converter","filename":"converter.py","lineno":383}
{"timestamp":"2026-05-12T06:02:39.739503Z","level":"info","event":"\u001b[0m06:02:39  Installing dbt-labs/dbt_utils","logger":"task.stdout"}
{"timestamp":"2026-05-12T06:02:40.844099Z","level":"info","event":"\u001b[0m06:02:40  Installed from version 1.3.3","logger":"task.stdout"}
{"timestamp":"2026-05-12T06:02:40.845616Z","level":"info","event":"\u001b[0m06:02:40  Up to date!","logger":"task.stdout"}
{"timestamp":"2026-05-12T06:02:40.850132Z","level":"info","event":"\u001b[0m06:02:40  Installing Datavault-UK/automate_dv","logger":"task.stdout"}
{"timestamp":"2026-05-12T06:02:41.545812Z","level":"info","event":"\u001b[0m06:02:41  Installed from version 0.11.5","logger":"task.stdout"}
{"timestamp":"2026-05-12T06:02:41.547155Z","level":"info","event":"\u001b[0m06:02:41  Up to date!","logger":"task.stdout"}
{"timestamp":"2026-05-12T06:02:43.273193Z","level":"info","event":"Trying to run dbtRunner with:\n ['run', '--select', 'fqn:NovaPay.staging.crm.stg_crm__customer_interactions', '--project-dir', '/tmp/tmpn6p2u_b1', '--profiles-dir', '/tmp/cosmos/profile/4696fe2c61fca57660474d41def9c0eb11c30fa37b466caac7574e4807f9bd46', '--profile', 'default', '--target', 'dev', '--no-static-parser']\n in /tmp/tmpn6p2u_b1","logger":"cosmos.dbt.runner","filename":"runner.py","lineno":98}
{"timestamp":"2026-05-12T06:02:43.307548Z","level":"info","event":"\u001b[0m06:02:43  Running with dbt=1.11.9","logger":"task.stdout"}
{"timestamp":"2026-05-12T06:02:46.569329Z","level":"info","event":"\u001b[0m06:02:46  Registered adapter: snowflake=1.11.4","logger":"task.stdout"}
{"timestamp":"2026-05-12T06:02:53.146177Z","level":"info","event":"\u001b[0m06:02:53  [\u001b[33mWARNING\u001b[0m]: Configuration paths exist in your dbt_project.yml file which do not apply to any resources.","logger":"task.stdout"}
{"timestamp":"2026-05-12T06:02:53.146996Z","level":"info","event":"There are 1 unused configuration paths:","logger":"task.stdout"}
{"timestamp":"2026-05-12T06:02:53.147670Z","level":"info","event":"- models.snapshots.NovaPay","logger":"task.stdout"}
{"timestamp":"2026-05-12T06:02:54.566678Z","level":"info","event":"\u001b[0m06:02:54  Found 22 models, 1 snapshot, 21 data tests, 8 sources, 920 macros","logger":"task.stdout"}
{"timestamp":"2026-05-12T06:02:54.574378Z","level":"info","event":"\u001b[0m06:02:54","logger":"task.stdout"}
{"timestamp":"2026-05-12T06:02:54.575785Z","level":"info","event":"\u001b[0m06:02:54  Concurrency: 4 threads (target='dev')","logger":"task.stdout"}
{"timestamp":"2026-05-12T06:02:54.576914Z","level":"info","event":"\u001b[0m06:02:54","logger":"task.stdout"}
{"timestamp":"2026-05-12T06:02:57.814526Z","level":"info","event":"\u001b[0m06:02:57  1 of 1 START sql incremental model CRM.stg_crm__customer_interactions .......... [RUN]","logger":"task.stdout"}
{"timestamp":"2026-05-12T06:03:00.952441Z","level":"info","event":"\u001b[0m06:03:00  1 of 1 OK created sql incremental model CRM.stg_crm__customer_interactions ..... [\u001b[32mSUCCESS 200000\u001b[0m in 3.13s]","logger":"task.stdout"}
{"timestamp":"2026-05-12T06:03:01.453628Z","level":"info","event":"\u001b[0m06:03:01","logger":"task.stdout"}
{"timestamp":"2026-05-12T06:03:01.455432Z","level":"info","event":"\u001b[0m06:03:01  Finished running 1 incremental model in 0 hours 0 minutes and 6.87 seconds (6.87s).","logger":"task.stdout"}
{"timestamp":"2026-05-12T06:03:01.758898Z","level":"info","event":"\u001b[0m06:03:01","logger":"task.stdout"}
{"timestamp":"2026-05-12T06:03:01.760717Z","level":"info","event":"\u001b[0m06:03:01  \u001b[32mCompleted successfully\u001b[0m","logger":"task.stdout"}
{"timestamp":"2026-05-12T06:03:01.763336Z","level":"info","event":"\u001b[0m06:03:01","logger":"task.stdout"}
{"timestamp":"2026-05-12T06:03:01.765778Z","level":"info","event":"\u001b[0m06:03:01  Done. PASS=1 WARN=0 ERROR=0 SKIP=0 NO-OP=0 TOTAL=1","logger":"task.stdout"}
{"timestamp":"2026-05-12T06:03:03.300626Z","level":"warning","event":"Airflow 3.0.0 Asset (Dataset) URIs validation rules changed and OpenLineage URIs (standard used by Cosmos) are no longer accepted. Therefore, if using Cosmos with Airflow 3, the Airflow Asset (Dataset) URI is now <snowflake://SOCFUIW-ZG17767/NOVAPAY_RAW/CRM/customer_interactions>. Before, with Airflow 2.x, the URI used to be <snowflake://SOCFUIW-ZG17767/NOVAPAY_RAW.CRM.customer_interactions>. Please, change any DAGs that were scheduled using the old standard to the new one.","logger":"cosmos.dataset","filename":"dataset.py","lineno":227}
{"timestamp":"2026-05-12T06:03:09.872398Z","level":"warning","event":"Airflow 3.0.0 Asset (Dataset) URIs validation rules changed and OpenLineage URIs (standard used by Cosmos) are no longer accepted. Therefore, if using Cosmos with Airflow 3, the Airflow Asset (Dataset) URI is now <snowflake://SOCFUIW-ZG17767/NOVAPAY_STAGING/CRM/stg_crm__customer_interactions>. Before, with Airflow 2.x, the URI used to be <snowflake://SOCFUIW-ZG17767/NOVAPAY_STAGING.CRM.stg_crm__customer_interactions>. Please, change any DAGs that were scheduled using the old standard to the new one.","logger":"cosmos.dataset","filename":"dataset.py","lineno":227}
{"timestamp":"2026-05-12T06:03:09.875551Z","level":"info","event":"Inlets: [Asset(name='snowflake://SOCFUIW-ZG17767/NOVAPAY_RAW/CRM/customer_interactions', uri='snowflake://SOCFUIW-ZG17767/NOVAPAY_RAW/CRM/customer_interactions', group='asset', extra={}, watchers=[])]","logger":"cosmos.operators.local","filename":"local.py","lineno":571}
{"timestamp":"2026-05-12T06:03:09.876021Z","level":"info","event":"Outlets: [Asset(name='snowflake://SOCFUIW-ZG17767/NOVAPAY_STAGING/CRM/stg_crm__customer_interactions', uri='snowflake://SOCFUIW-ZG17767/NOVAPAY_STAGING/CRM/stg_crm__customer_interactions', group='asset', extra={}, watchers=[])]","logger":"cosmos.operators.local","filename":"local.py","lineno":572}
{"timestamp":"2026-05-12T06:03:09.876579Z","level":"info","event":"Assigning outlets with DatasetAlias in Airflow 3","logger":"cosmos.operators.local","filename":"local.py","lineno":820}
