{"timestamp":"2026-05-11T08:50:37.782150Z","level":"warning","event":"section/key [openlineage/namespace] not found in config","logger":"airflow.configuration","filename":"configuration.py","lineno":1111}
{"timestamp":"2026-05-11T08:50:38.317806Z","level":"info","event":"DAG bundles loaded: dags-folder","logger":"airflow.dag_processing.bundles.manager.DagBundlesManager","filename":"manager.py","lineno":179}
{"timestamp":"2026-05-11T08:50:38.319400Z","level":"info","event":"Filling up the DagBag from /opt/airflow/dags/dbt_novapay.py","logger":"airflow.models.dagbag.DagBag","filename":"dagbag.py","lineno":593}
{"timestamp":"2026-05-11T08:50:38.429595Z","level":"info","event":"::group::Cosmos DAG parsing logs","logger":"cosmos.converter","filename":"converter.py","lineno":286}
{"timestamp":"2026-05-11T08:50:38.438681Z","level":"info","event":"Trying to parse the dbt project using dbt ls cache cosmos_cache__dbt_novapay...","logger":"cosmos.dbt.graph","filename":"graph.py","lineno":781}
{"timestamp":"2026-05-11T08:50:45.098366Z","level":"info","event":"Cosmos performance: time to calculate cache identifier cosmos_cache__dbt_novapay for current version: 6.49181199800023","logger":"cosmos.cache","filename":"cache.py","lineno":329}
{"timestamp":"2026-05-11T08:50:45.098552Z","level":"info","event":"Cosmos performance [af0761ecc903|102]: The cache size for cosmos_cache__dbt_novapay is 47345","logger":"cosmos.dbt.graph","filename":"graph.py","lineno":798}
{"timestamp":"2026-05-11T08:50:45.100368Z","level":"info","event":"Cosmos performance: Cache hit for cosmos_cache__dbt_novapay - ff95425c0bf3fb17f4ae606505cd9c23,d41d8cd98f00b204e9800998ecf8427e","logger":"cosmos.dbt.graph","filename":"graph.py","lineno":806}
{"timestamp":"2026-05-11T08:50:45.101203Z","level":"info","event":"Total nodes: 52","logger":"cosmos.dbt.graph","filename":"graph.py","lineno":711}
{"timestamp":"2026-05-11T08:50:45.101332Z","level":"info","event":"Total filtered nodes: 52","logger":"cosmos.dbt.graph","filename":"graph.py","lineno":712}
{"timestamp":"2026-05-11T08:50:53.563357Z","level":"info","event":"Cosmos performance (dbt_novapay) -  [af0761ecc903|102]: It took 12.4s to parse the dbt project for DAG using LoadMode.DBT_LS_CACHE","logger":"cosmos.converter","filename":"converter.py","lineno":333}
{"timestamp":"2026-05-11T08:50:53.698016Z","level":"info","event":"Cosmos performance (dbt_novapay) - [af0761ecc903|102]: It took 0.135s to build the Airflow DAG.","logger":"cosmos.converter","filename":"converter.py","lineno":380}
{"timestamp":"2026-05-11T08:50:53.698185Z","level":"info","event":"::endgroup::Cosmos DAG parsing logs","logger":"cosmos.converter","filename":"converter.py","lineno":383}
{"timestamp":"2026-05-11T08:50:59.027476Z","level":"info","event":"dbtRunner is available. Using dbtRunner for invoking dbt.","logger":"cosmos.operators.local","filename":"local.py","lineno":269}
{"timestamp":"2026-05-11T08:50:59.028832Z","level":"info","event":"Cloning project to writable temp directory /tmp/tmpvqhldkp5 from /opt/airflow/NovaPay","logger":"cosmos.operators.local","filename":"local.py","lineno":494}
{"timestamp":"2026-05-11T08:50:59.127078Z","level":"info","event":"Partial parse is enabled and the latest partial parse file is /opt/airflow/NovaPay/target/partial_parse.msgpack","logger":"cosmos.operators.local","filename":"local.py","lineno":514}
{"timestamp":"2026-05-11T08:50:59.399154Z","level":"info","event":"Profile caching is enable.","logger":"cosmos.config","filename":"config.py","lineno":382}
{"timestamp":"2026-05-11T08:50:59.491498Z","level":"info","event":"Profile found in cache using profile: /tmp/cosmos/profile/4696fe2c61fca57660474d41def9c0eb11c30fa37b466caac7574e4807f9bd46/profiles.yml.","logger":"cosmos.config","filename":"config.py","lineno":362}
{"timestamp":"2026-05-11T08:50:59.537217Z","level":"info","event":"Trying to run dbtRunner with:\n ['deps', '--project-dir', '/tmp/tmpvqhldkp5', '--profiles-dir', '/tmp/cosmos/profile/4696fe2c61fca57660474d41def9c0eb11c30fa37b466caac7574e4807f9bd46', '--profile', 'default', '--target', 'dev', '--no-static-parser']\n in /tmp/tmpvqhldkp5","logger":"cosmos.dbt.runner","filename":"runner.py","lineno":98}
{"timestamp":"2026-05-11T08:50:59.959588Z","level":"info","event":"\u001b[0m08:50:59  Running with dbt=1.11.9","logger":"task.stdout"}
{"timestamp":"2026-05-11T08:51:00.884594Z","level":"info","event":"::group::Cosmos DAG parsing logs","logger":"cosmos.converter","filename":"converter.py","lineno":286}
{"timestamp":"2026-05-11T08:51:00.893931Z","level":"info","event":"Trying to parse the dbt project using dbt ls cache cosmos_cache__dbt_novapay...","logger":"cosmos.dbt.graph","filename":"graph.py","lineno":781}
{"timestamp":"2026-05-11T08:51:00.894384Z","level":"warning","event":"Using Variable.get from `airflow.models` is deprecated.Please use `get` on Variable from sdk(`airflow.sdk.Variable`) instead","category":"DeprecationWarning","filename":"/home/airflow/.local/lib/python3.12/site-packages/airflow/models/variable.py","lineno":151,"logger":"py.warnings"}
{"timestamp":"2026-05-11T08:51:09.923718Z","level":"info","event":"Cosmos performance: time to calculate cache identifier cosmos_cache__dbt_novapay for current version: 8.974509935000242","logger":"cosmos.cache","filename":"cache.py","lineno":329}
{"timestamp":"2026-05-11T08:51:09.924923Z","level":"info","event":"Cosmos performance [af0761ecc903|102]: The cache size for cosmos_cache__dbt_novapay is 47345","logger":"cosmos.dbt.graph","filename":"graph.py","lineno":798}
{"timestamp":"2026-05-11T08:51:09.928411Z","level":"info","event":"Cosmos performance: Cache hit for cosmos_cache__dbt_novapay - ff95425c0bf3fb17f4ae606505cd9c23,d41d8cd98f00b204e9800998ecf8427e","logger":"cosmos.dbt.graph","filename":"graph.py","lineno":806}
{"timestamp":"2026-05-11T08:51:09.929968Z","level":"info","event":"Total nodes: 52","logger":"cosmos.dbt.graph","filename":"graph.py","lineno":711}
{"timestamp":"2026-05-11T08:51:09.930176Z","level":"info","event":"Total filtered nodes: 52","logger":"cosmos.dbt.graph","filename":"graph.py","lineno":712}
{"timestamp":"2026-05-11T08:51:19.117748Z","level":"info","event":"Cosmos performance (dbt_novapay) -  [af0761ecc903|102]: It took 18.2s to parse the dbt project for DAG using LoadMode.DBT_LS_CACHE","logger":"cosmos.converter","filename":"converter.py","lineno":333}
{"timestamp":"2026-05-11T08:51:19.564177Z","level":"info","event":"Cosmos performance (dbt_novapay) - [af0761ecc903|102]: It took 0.447s to build the Airflow DAG.","logger":"cosmos.converter","filename":"converter.py","lineno":380}
{"timestamp":"2026-05-11T08:51:19.564774Z","level":"info","event":"::endgroup::Cosmos DAG parsing logs","logger":"cosmos.converter","filename":"converter.py","lineno":383}
{"timestamp":"2026-05-11T08:51:20.063082Z","level":"info","event":"\u001b[0m08:51:20  Installing dbt-labs/dbt_utils","logger":"task.stdout"}
{"timestamp":"2026-05-11T08:51:20.882936Z","level":"info","event":"\u001b[0m08:51:20  Installed from version 1.3.3","logger":"task.stdout"}
{"timestamp":"2026-05-11T08:51:20.884619Z","level":"info","event":"\u001b[0m08:51:20  Up to date!","logger":"task.stdout"}
{"timestamp":"2026-05-11T08:51:20.888820Z","level":"info","event":"\u001b[0m08:51:20  Installing Datavault-UK/automate_dv","logger":"task.stdout"}
{"timestamp":"2026-05-11T08:51:21.523693Z","level":"info","event":"\u001b[0m08:51:21  Installed from version 0.11.5","logger":"task.stdout"}
{"timestamp":"2026-05-11T08:51:21.527087Z","level":"info","event":"\u001b[0m08:51:21  Up to date!","logger":"task.stdout"}
{"timestamp":"2026-05-11T08:51:25.427493Z","level":"info","event":"Trying to run dbtRunner with:\n ['run', '--select', 'fqn:NovaPay.staging.vendor.stg_vendor__credit_scores', '--project-dir', '/tmp/tmpvqhldkp5', '--profiles-dir', '/tmp/cosmos/profile/4696fe2c61fca57660474d41def9c0eb11c30fa37b466caac7574e4807f9bd46', '--profile', 'default', '--target', 'dev', '--no-static-parser']\n in /tmp/tmpvqhldkp5","logger":"cosmos.dbt.runner","filename":"runner.py","lineno":98}
{"timestamp":"2026-05-11T08:51:25.502539Z","level":"info","event":"\u001b[0m08:51:25  Running with dbt=1.11.9","logger":"task.stdout"}
{"timestamp":"2026-05-11T08:51:27.984540Z","level":"info","event":"\u001b[0m08:51:27  Registered adapter: snowflake=1.11.4","logger":"task.stdout"}
{"timestamp":"2026-05-11T08:51:32.842102Z","level":"info","event":"\u001b[0m08:51:32  Unable to do partial parsing because of a version mismatch","logger":"task.stdout"}
{"timestamp":"2026-05-11T08:51:35.245313Z","level":"info","event":"\u001b[0m08:51:35  [\u001b[33mWARNING\u001b[0m][PropertyMovedToConfigDeprecation]: Deprecated functionality","logger":"task.stdout"}
{"timestamp":"2026-05-11T08:51:35.246691Z","level":"info","event":"Found `freshness` as a top-level property of `sources[0]` in file","logger":"task.stdout"}
{"timestamp":"2026-05-11T08:51:35.248171Z","level":"info","event":"`models/staging/sources.yml`. The `freshness` top-level property should be moved","logger":"task.stdout"}
{"timestamp":"2026-05-11T08:51:35.248914Z","level":"info","event":"into the `config` of `sources[0]`.","logger":"task.stdout"}
{"timestamp":"2026-05-11T08:52:00.187658Z","level":"info","event":"\u001b[0m08:52:00  [\u001b[33mWARNING\u001b[0m][MissingArgumentsPropertyInGenericTestDeprecation]: Deprecated","logger":"task.stdout"}
{"timestamp":"2026-05-11T08:52:00.189734Z","level":"info","event":"functionality","logger":"task.stdout"}
{"timestamp":"2026-05-11T08:52:00.190364Z","level":"info","event":"Found top-level arguments to test `relationships` defined on","logger":"task.stdout"}
{"timestamp":"2026-05-11T08:52:00.190842Z","level":"info","event":"'stg_crm__customer_interactions' in package 'NovaPay'","logger":"task.stdout"}
{"timestamp":"2026-05-11T08:52:00.191343Z","level":"info","event":"(models/staging/crm/stg_crm__customer_interactions.yml). Arguments to generic","logger":"task.stdout"}
{"timestamp":"2026-05-11T08:52:00.191833Z","level":"info","event":"tests should be nested under the `arguments` property.","logger":"task.stdout"}
{"timestamp":"2026-05-11T08:52:01.341064Z","level":"info","event":"\u001b[0m08:52:01  [\u001b[33mWARNING\u001b[0m]: Configuration paths exist in your dbt_project.yml file which do not apply to any resources.","logger":"task.stdout"}
{"timestamp":"2026-05-11T08:52:01.346225Z","level":"info","event":"There are 1 unused configuration paths:","logger":"task.stdout"}
{"timestamp":"2026-05-11T08:52:01.347807Z","level":"info","event":"- models.snapshots.NovaPay","logger":"task.stdout"}
{"timestamp":"2026-05-11T08:52:03.024713Z","level":"info","event":"\u001b[0m08:52:03  Found 22 models, 1 snapshot, 21 data tests, 8 sources, 920 macros","logger":"task.stdout"}
{"timestamp":"2026-05-11T08:52:03.037593Z","level":"info","event":"\u001b[0m08:52:03","logger":"task.stdout"}
{"timestamp":"2026-05-11T08:52:03.039165Z","level":"info","event":"\u001b[0m08:52:03  Concurrency: 4 threads (target='dev')","logger":"task.stdout"}
{"timestamp":"2026-05-11T08:52:03.040742Z","level":"info","event":"\u001b[0m08:52:03","logger":"task.stdout"}
{"timestamp":"2026-05-11T08:52:05.531991Z","level":"info","event":"\u001b[0m08:52:05  1 of 1 START sql table model VENDOR.stg_vendor__credit_scores .................. [RUN]","logger":"task.stdout"}
{"timestamp":"2026-05-11T08:52:06.463714Z","level":"info","event":"\u001b[0m08:52:06  1 of 1 OK created sql table model VENDOR.stg_vendor__credit_scores ............. [\u001b[32mSUCCESS 50000\u001b[0m in 0.92s]","logger":"task.stdout"}
{"timestamp":"2026-05-11T08:52:06.934443Z","level":"info","event":"\u001b[0m08:52:06","logger":"task.stdout"}
{"timestamp":"2026-05-11T08:52:06.944159Z","level":"info","event":"\u001b[0m08:52:06  Finished running 1 table model in 0 hours 0 minutes and 3.89 seconds (3.89s).","logger":"task.stdout"}
{"timestamp":"2026-05-11T08:52:07.165677Z","level":"info","event":"\u001b[0m08:52:07","logger":"task.stdout"}
{"timestamp":"2026-05-11T08:52:07.167121Z","level":"info","event":"\u001b[0m08:52:07  \u001b[32mCompleted successfully\u001b[0m","logger":"task.stdout"}
{"timestamp":"2026-05-11T08:52:07.167870Z","level":"info","event":"\u001b[0m08:52:07","logger":"task.stdout"}
{"timestamp":"2026-05-11T08:52:07.168652Z","level":"info","event":"\u001b[0m08:52:07  Done. PASS=1 WARN=0 ERROR=0 SKIP=0 NO-OP=0 TOTAL=1","logger":"task.stdout"}
{"timestamp":"2026-05-11T08:52:07.169842Z","level":"info","event":"\u001b[0m08:52:07  [\u001b[33mWARNING\u001b[0m][DeprecationsSummary]: Deprecated functionality","logger":"task.stdout"}
{"timestamp":"2026-05-11T08:52:07.170494Z","level":"info","event":"Summary of encountered deprecations:","logger":"task.stdout"}
{"timestamp":"2026-05-11T08:52:07.171977Z","level":"info","event":"- PropertyMovedToConfigDeprecation: 8 occurrences","logger":"task.stdout"}
{"timestamp":"2026-05-11T08:52:07.175694Z","level":"info","event":"- MissingArgumentsPropertyInGenericTestDeprecation: 4 occurrences","logger":"task.stdout"}
{"timestamp":"2026-05-11T08:52:07.176564Z","level":"info","event":"To see all deprecation instances instead of just the first occurrence of each,","logger":"task.stdout"}
{"timestamp":"2026-05-11T08:52:07.177944Z","level":"info","event":"run command again with the `--show-all-deprecations` flag. You may also need to","logger":"task.stdout"}
{"timestamp":"2026-05-11T08:52:07.178730Z","level":"info","event":"run with `--no-partial-parse` as some deprecations are only encountered during","logger":"task.stdout"}
{"timestamp":"2026-05-11T08:52:07.179306Z","level":"info","event":"parsing.","logger":"task.stdout"}
{"timestamp":"2026-05-11T08:52:08.485046Z","level":"warning","event":"Airflow 3.0.0 Asset (Dataset) URIs validation rules changed and OpenLineage URIs (standard used by Cosmos) are no longer accepted. Therefore, if using Cosmos with Airflow 3, the Airflow Asset (Dataset) URI is now <snowflake://SOCFUIW-ZG17767/NOVAPAY_RAW/VENDOR/credit_scores>. Before, with Airflow 2.x, the URI used to be <snowflake://SOCFUIW-ZG17767/NOVAPAY_RAW.VENDOR.credit_scores>. Please, change any DAGs that were scheduled using the old standard to the new one.","logger":"cosmos.dataset","filename":"dataset.py","lineno":227}
{"timestamp":"2026-05-11T08:52:15.683245Z","level":"warning","event":"Airflow 3.0.0 Asset (Dataset) URIs validation rules changed and OpenLineage URIs (standard used by Cosmos) are no longer accepted. Therefore, if using Cosmos with Airflow 3, the Airflow Asset (Dataset) URI is now <snowflake://SOCFUIW-ZG17767/NOVAPAY_STAGING/VENDOR/stg_vendor__credit_scores>. Before, with Airflow 2.x, the URI used to be <snowflake://SOCFUIW-ZG17767/NOVAPAY_STAGING.VENDOR.stg_vendor__credit_scores>. Please, change any DAGs that were scheduled using the old standard to the new one.","logger":"cosmos.dataset","filename":"dataset.py","lineno":227}
{"timestamp":"2026-05-11T08:52:15.684685Z","level":"info","event":"Inlets: [Asset(name='snowflake://SOCFUIW-ZG17767/NOVAPAY_RAW/VENDOR/credit_scores', uri='snowflake://SOCFUIW-ZG17767/NOVAPAY_RAW/VENDOR/credit_scores', group='asset', extra={}, watchers=[])]","logger":"cosmos.operators.local","filename":"local.py","lineno":571}
{"timestamp":"2026-05-11T08:52:15.684883Z","level":"info","event":"Outlets: [Asset(name='snowflake://SOCFUIW-ZG17767/NOVAPAY_STAGING/VENDOR/stg_vendor__credit_scores', uri='snowflake://SOCFUIW-ZG17767/NOVAPAY_STAGING/VENDOR/stg_vendor__credit_scores', group='asset', extra={}, watchers=[])]","logger":"cosmos.operators.local","filename":"local.py","lineno":572}
{"timestamp":"2026-05-11T08:52:15.685113Z","level":"info","event":"Assigning outlets with DatasetAlias in Airflow 3","logger":"cosmos.operators.local","filename":"local.py","lineno":820}
