{"timestamp":"2026-05-11T08:53:52.673132Z","level":"warning","event":"section/key [openlineage/namespace] not found in config","logger":"airflow.configuration","filename":"configuration.py","lineno":1111}
{"timestamp":"2026-05-11T08:53:53.065318Z","level":"info","event":"DAG bundles loaded: dags-folder","logger":"airflow.dag_processing.bundles.manager.DagBundlesManager","filename":"manager.py","lineno":179}
{"timestamp":"2026-05-11T08:53:53.069944Z","level":"info","event":"Filling up the DagBag from /opt/airflow/dags/dbt_novapay.py","logger":"airflow.models.dagbag.DagBag","filename":"dagbag.py","lineno":593}
{"timestamp":"2026-05-11T08:53:53.212930Z","level":"info","event":"::group::Cosmos DAG parsing logs","logger":"cosmos.converter","filename":"converter.py","lineno":286}
{"timestamp":"2026-05-11T08:53:53.223257Z","level":"info","event":"Trying to parse the dbt project using dbt ls cache cosmos_cache__dbt_novapay...","logger":"cosmos.dbt.graph","filename":"graph.py","lineno":781}
{"timestamp":"2026-05-11T08:54:03.863067Z","level":"info","event":"Cosmos performance: time to calculate cache identifier cosmos_cache__dbt_novapay for current version: 10.616304066999874","logger":"cosmos.cache","filename":"cache.py","lineno":329}
{"timestamp":"2026-05-11T08:54:03.863827Z","level":"info","event":"Cosmos performance [af0761ecc903|524]: The cache size for cosmos_cache__dbt_novapay is 47345","logger":"cosmos.dbt.graph","filename":"graph.py","lineno":798}
{"timestamp":"2026-05-11T08:54:03.867605Z","level":"info","event":"Cosmos performance: Cache hit for cosmos_cache__dbt_novapay - ff95425c0bf3fb17f4ae606505cd9c23,d41d8cd98f00b204e9800998ecf8427e","logger":"cosmos.dbt.graph","filename":"graph.py","lineno":806}
{"timestamp":"2026-05-11T08:54:03.868734Z","level":"info","event":"Total nodes: 52","logger":"cosmos.dbt.graph","filename":"graph.py","lineno":711}
{"timestamp":"2026-05-11T08:54:03.868918Z","level":"info","event":"Total filtered nodes: 52","logger":"cosmos.dbt.graph","filename":"graph.py","lineno":712}
{"timestamp":"2026-05-11T08:54:19.323709Z","level":"info","event":"Cosmos performance (dbt_novapay) -  [af0761ecc903|524]: It took 23.4s to parse the dbt project for DAG using LoadMode.DBT_LS_CACHE","logger":"cosmos.converter","filename":"converter.py","lineno":333}
{"timestamp":"2026-05-11T08:54:19.653535Z","level":"info","event":"Cosmos performance (dbt_novapay) - [af0761ecc903|524]: It took 0.33s to build the Airflow DAG.","logger":"cosmos.converter","filename":"converter.py","lineno":380}
{"timestamp":"2026-05-11T08:54:19.654128Z","level":"info","event":"::endgroup::Cosmos DAG parsing logs","logger":"cosmos.converter","filename":"converter.py","lineno":383}
{"timestamp":"2026-05-11T08:54:25.183551Z","level":"info","event":"dbtRunner is available. Using dbtRunner for invoking dbt.","logger":"cosmos.operators.local","filename":"local.py","lineno":269}
{"timestamp":"2026-05-11T08:54:25.187205Z","level":"info","event":"Cloning project to writable temp directory /tmp/tmp1ha8brv3 from /opt/airflow/NovaPay","logger":"cosmos.operators.local","filename":"local.py","lineno":494}
{"timestamp":"2026-05-11T08:54:25.319488Z","level":"info","event":"Partial parse is enabled and the latest partial parse file is /tmp/cosmos/dbt_novapay/target/partial_parse.msgpack","logger":"cosmos.operators.local","filename":"local.py","lineno":514}
{"timestamp":"2026-05-11T08:54:25.409620Z","level":"info","event":"Profile caching is enable.","logger":"cosmos.config","filename":"config.py","lineno":382}
{"timestamp":"2026-05-11T08:54:25.463683Z","level":"info","event":"Profile found in cache using profile: /tmp/cosmos/profile/4696fe2c61fca57660474d41def9c0eb11c30fa37b466caac7574e4807f9bd46/profiles.yml.","logger":"cosmos.config","filename":"config.py","lineno":362}
{"timestamp":"2026-05-11T08:54:25.506718Z","level":"info","event":"Trying to run dbtRunner with:\n ['deps', '--project-dir', '/tmp/tmp1ha8brv3', '--profiles-dir', '/tmp/cosmos/profile/4696fe2c61fca57660474d41def9c0eb11c30fa37b466caac7574e4807f9bd46', '--profile', 'default', '--target', 'dev', '--no-static-parser']\n in /tmp/tmp1ha8brv3","logger":"cosmos.dbt.runner","filename":"runner.py","lineno":98}
{"timestamp":"2026-05-11T08:54:25.852380Z","level":"info","event":"\u001b[0m08:54:25  Running with dbt=1.11.9","logger":"task.stdout"}
{"timestamp":"2026-05-11T08:54:26.931179Z","level":"info","event":"::group::Cosmos DAG parsing logs","logger":"cosmos.converter","filename":"converter.py","lineno":286}
{"timestamp":"2026-05-11T08:54:26.947121Z","level":"info","event":"Trying to parse the dbt project using dbt ls cache cosmos_cache__dbt_novapay...","logger":"cosmos.dbt.graph","filename":"graph.py","lineno":781}
{"timestamp":"2026-05-11T08:54:26.949052Z","level":"warning","event":"Using Variable.get from `airflow.models` is deprecated.Please use `get` on Variable from sdk(`airflow.sdk.Variable`) instead","category":"DeprecationWarning","filename":"/home/airflow/.local/lib/python3.12/site-packages/airflow/models/variable.py","lineno":151,"logger":"py.warnings"}
{"timestamp":"2026-05-11T08:54:38.651714Z","level":"info","event":"Cosmos performance: time to calculate cache identifier cosmos_cache__dbt_novapay for current version: 11.677265307999733","logger":"cosmos.cache","filename":"cache.py","lineno":329}
{"timestamp":"2026-05-11T08:54:38.652272Z","level":"info","event":"Cosmos performance [af0761ecc903|524]: The cache size for cosmos_cache__dbt_novapay is 47345","logger":"cosmos.dbt.graph","filename":"graph.py","lineno":798}
{"timestamp":"2026-05-11T08:54:38.659089Z","level":"info","event":"Cosmos performance: Cache hit for cosmos_cache__dbt_novapay - ff95425c0bf3fb17f4ae606505cd9c23,d41d8cd98f00b204e9800998ecf8427e","logger":"cosmos.dbt.graph","filename":"graph.py","lineno":806}
{"timestamp":"2026-05-11T08:54:38.662378Z","level":"info","event":"Total nodes: 52","logger":"cosmos.dbt.graph","filename":"graph.py","lineno":711}
{"timestamp":"2026-05-11T08:54:38.662946Z","level":"info","event":"Total filtered nodes: 52","logger":"cosmos.dbt.graph","filename":"graph.py","lineno":712}
{"timestamp":"2026-05-11T08:54:47.957651Z","level":"info","event":"Cosmos performance (dbt_novapay) -  [af0761ecc903|524]: It took 18.3s to parse the dbt project for DAG using LoadMode.DBT_LS_CACHE","logger":"cosmos.converter","filename":"converter.py","lineno":333}
{"timestamp":"2026-05-11T08:54:48.268386Z","level":"info","event":"Cosmos performance (dbt_novapay) - [af0761ecc903|524]: It took 0.311s to build the Airflow DAG.","logger":"cosmos.converter","filename":"converter.py","lineno":380}
{"timestamp":"2026-05-11T08:54:48.268937Z","level":"info","event":"::endgroup::Cosmos DAG parsing logs","logger":"cosmos.converter","filename":"converter.py","lineno":383}
{"timestamp":"2026-05-11T08:54:48.795018Z","level":"info","event":"\u001b[0m08:54:48  Installing dbt-labs/dbt_utils","logger":"task.stdout"}
{"timestamp":"2026-05-11T08:54:50.197332Z","level":"info","event":"\u001b[0m08:54:50  Installed from version 1.3.3","logger":"task.stdout"}
{"timestamp":"2026-05-11T08:54:50.199543Z","level":"info","event":"\u001b[0m08:54:50  Up to date!","logger":"task.stdout"}
{"timestamp":"2026-05-11T08:54:50.201641Z","level":"info","event":"\u001b[0m08:54:50  Installing Datavault-UK/automate_dv","logger":"task.stdout"}
{"timestamp":"2026-05-11T08:54:50.827589Z","level":"info","event":"\u001b[0m08:54:50  Installed from version 0.11.5","logger":"task.stdout"}
{"timestamp":"2026-05-11T08:54:50.828481Z","level":"info","event":"\u001b[0m08:54:50  Up to date!","logger":"task.stdout"}
{"timestamp":"2026-05-11T08:54:52.415460Z","level":"info","event":"Trying to run dbtRunner with:\n ['run', '--select', 'fqn:NovaPay.marts.dimensional.dim_customer', '--project-dir', '/tmp/tmp1ha8brv3', '--profiles-dir', '/tmp/cosmos/profile/4696fe2c61fca57660474d41def9c0eb11c30fa37b466caac7574e4807f9bd46', '--profile', 'default', '--target', 'dev', '--no-static-parser']\n in /tmp/tmp1ha8brv3","logger":"cosmos.dbt.runner","filename":"runner.py","lineno":98}
{"timestamp":"2026-05-11T08:54:52.487404Z","level":"info","event":"\u001b[0m08:54:52  Running with dbt=1.11.9","logger":"task.stdout"}
{"timestamp":"2026-05-11T08:54:54.919159Z","level":"info","event":"\u001b[0m08:54:54  Registered adapter: snowflake=1.11.4","logger":"task.stdout"}
{"timestamp":"2026-05-11T08:55:01.573527Z","level":"info","event":"\u001b[0m08:55:01  [\u001b[33mWARNING\u001b[0m]: Configuration paths exist in your dbt_project.yml file which do not apply to any resources.","logger":"task.stdout"}
{"timestamp":"2026-05-11T08:55:01.579648Z","level":"info","event":"There are 1 unused configuration paths:","logger":"task.stdout"}
{"timestamp":"2026-05-11T08:55:01.581863Z","level":"info","event":"- models.snapshots.NovaPay","logger":"task.stdout"}
{"timestamp":"2026-05-11T08:55:03.744616Z","level":"info","event":"\u001b[0m08:55:03  Found 22 models, 1 snapshot, 21 data tests, 8 sources, 920 macros","logger":"task.stdout"}
{"timestamp":"2026-05-11T08:55:03.754337Z","level":"info","event":"\u001b[0m08:55:03","logger":"task.stdout"}
{"timestamp":"2026-05-11T08:55:03.757334Z","level":"info","event":"\u001b[0m08:55:03  Concurrency: 4 threads (target='dev')","logger":"task.stdout"}
{"timestamp":"2026-05-11T08:55:03.759256Z","level":"info","event":"\u001b[0m08:55:03","logger":"task.stdout"}
{"timestamp":"2026-05-11T08:55:08.477786Z","level":"info","event":"\u001b[0m08:55:08  1 of 1 START sql table model NOVAPAY_DWH.DIMENSIONAL.dim_customer .............. [RUN]","logger":"task.stdout"}
{"timestamp":"2026-05-11T08:55:09.518216Z","level":"info","event":"\u001b[0m08:55:09  1 of 1 OK created sql table model NOVAPAY_DWH.DIMENSIONAL.dim_customer ......... [\u001b[32mSUCCESS 50000\u001b[0m in 1.03s]","logger":"task.stdout"}
{"timestamp":"2026-05-11T08:55:10.100887Z","level":"info","event":"\u001b[0m08:55:10","logger":"task.stdout"}
{"timestamp":"2026-05-11T08:55:10.101732Z","level":"info","event":"\u001b[0m08:55:10  Finished running 1 table model in 0 hours 0 minutes and 6.34 seconds (6.34s).","logger":"task.stdout"}
{"timestamp":"2026-05-11T08:55:10.407557Z","level":"info","event":"\u001b[0m08:55:10","logger":"task.stdout"}
{"timestamp":"2026-05-11T08:55:10.410879Z","level":"info","event":"\u001b[0m08:55:10  \u001b[32mCompleted successfully\u001b[0m","logger":"task.stdout"}
{"timestamp":"2026-05-11T08:55:10.414042Z","level":"info","event":"\u001b[0m08:55:10","logger":"task.stdout"}
{"timestamp":"2026-05-11T08:55:10.421032Z","level":"info","event":"\u001b[0m08:55:10  Done. PASS=1 WARN=0 ERROR=0 SKIP=0 NO-OP=0 TOTAL=1","logger":"task.stdout"}
{"timestamp":"2026-05-11T08:55:15.118700Z","level":"warning","event":"Airflow 3.0.0 Asset (Dataset) URIs validation rules changed and OpenLineage URIs (standard used by Cosmos) are no longer accepted. Therefore, if using Cosmos with Airflow 3, the Airflow Asset (Dataset) URI is now <snowflake://SOCFUIW-ZG17767/NOVAPAY_STAGING/CRM/stg_crm__customers>. Before, with Airflow 2.x, the URI used to be <snowflake://SOCFUIW-ZG17767/NOVAPAY_STAGING.CRM.stg_crm__customers>. Please, change any DAGs that were scheduled using the old standard to the new one.","logger":"cosmos.dataset","filename":"dataset.py","lineno":227}
{"timestamp":"2026-05-11T08:55:15.119587Z","level":"warning","event":"Airflow 3.0.0 Asset (Dataset) URIs validation rules changed and OpenLineage URIs (standard used by Cosmos) are no longer accepted. Therefore, if using Cosmos with Airflow 3, the Airflow Asset (Dataset) URI is now <snowflake://SOCFUIW-ZG17767/NOVAPAY_STAGING/VENDOR/stg_vendor__credit_scores>. Before, with Airflow 2.x, the URI used to be <snowflake://SOCFUIW-ZG17767/NOVAPAY_STAGING.VENDOR.stg_vendor__credit_scores>. Please, change any DAGs that were scheduled using the old standard to the new one.","logger":"cosmos.dataset","filename":"dataset.py","lineno":227}
{"timestamp":"2026-05-11T08:55:23.898805Z","level":"warning","event":"Airflow 3.0.0 Asset (Dataset) URIs validation rules changed and OpenLineage URIs (standard used by Cosmos) are no longer accepted. Therefore, if using Cosmos with Airflow 3, the Airflow Asset (Dataset) URI is now <snowflake://SOCFUIW-ZG17767/NOVAPAY_DWH/DIMENSIONAL/dim_customer>. Before, with Airflow 2.x, the URI used to be <snowflake://SOCFUIW-ZG17767/NOVAPAY_DWH.DIMENSIONAL.dim_customer>. Please, change any DAGs that were scheduled using the old standard to the new one.","logger":"cosmos.dataset","filename":"dataset.py","lineno":227}
{"timestamp":"2026-05-11T08:55:23.901093Z","level":"info","event":"Inlets: [Asset(name='snowflake://SOCFUIW-ZG17767/NOVAPAY_STAGING/CRM/stg_crm__customers', uri='snowflake://SOCFUIW-ZG17767/NOVAPAY_STAGING/CRM/stg_crm__customers', group='asset', extra={}, watchers=[]), Asset(name='snowflake://SOCFUIW-ZG17767/NOVAPAY_STAGING/VENDOR/stg_vendor__credit_scores', uri='snowflake://SOCFUIW-ZG17767/NOVAPAY_STAGING/VENDOR/stg_vendor__credit_scores', group='asset', extra={}, watchers=[])]","logger":"cosmos.operators.local","filename":"local.py","lineno":571}
{"timestamp":"2026-05-11T08:55:23.904824Z","level":"info","event":"Outlets: [Asset(name='snowflake://SOCFUIW-ZG17767/NOVAPAY_DWH/DIMENSIONAL/dim_customer', uri='snowflake://SOCFUIW-ZG17767/NOVAPAY_DWH/DIMENSIONAL/dim_customer', group='asset', extra={}, watchers=[])]","logger":"cosmos.operators.local","filename":"local.py","lineno":572}
{"timestamp":"2026-05-11T08:55:23.906435Z","level":"info","event":"Assigning outlets with DatasetAlias in Airflow 3","logger":"cosmos.operators.local","filename":"local.py","lineno":820}
